<?xml version="1.0" encoding="UTF-8"?>
<testsuite name="com.example.demo.DeliveryApplicationTests" tests="1" skipped="0" failures="0" errors="0" timestamp="2024-03-17T04:38:16" hostname="DESKTOP-10ASA6I" time="1.148">
  <properties/>
  <testcase name="contextLoads()" classname="com.example.demo.DeliveryApplicationTests" time="1.148"/>
  <system-out><![CDATA[06:38:05.324 [Test worker] INFO org.springframework.test.context.support.AnnotationConfigContextLoaderUtils -- Could not detect default configuration classes for test class [com.example.demo.DeliveryApplicationTests]: DeliveryApplicationTests does not declare any static, non-private, non-final, nested classes annotated with @Configuration.
06:38:05.433 [Test worker] INFO org.springframework.boot.test.context.SpringBootTestContextBootstrapper -- Found @SpringBootConfiguration com.example.demo.DeliveryApplication for test class com.example.demo.DeliveryApplicationTests

  .   ____          _            __ _ _
 /\\ / ___'_ __ _ _(_)_ __  __ _ \ \ \ \
( ( )\___ | '_ | '_| | '_ \/ _` | \ \ \ \
 \\/  ___)| |_)| | | | | || (_| |  ) ) ) )
  '  |____| .__|_| |_|_| |_\__, | / / / /
 =========|_|==============|___/=/_/_/_/
 :: Spring Boot ::                (v3.1.6)

2024-03-17T06:38:06.231+02:00  INFO 18816 --- [    Test worker] c.example.demo.DeliveryApplicationTests  : Starting DeliveryApplicationTests using Java 17.0.10 with PID 18816 (started by neli in C:\Users\neli\Desktop\delivery)
2024-03-17T06:38:06.234+02:00  INFO 18816 --- [    Test worker] c.example.demo.DeliveryApplicationTests  : No active profile set, falling back to 1 default profile: "default"
2024-03-17T06:38:08.017+02:00  INFO 18816 --- [    Test worker] .s.d.r.c.RepositoryConfigurationDelegate : Multiple Spring Data modules found, entering strict repository configuration mode
2024-03-17T06:38:08.020+02:00  INFO 18816 --- [    Test worker] .s.d.r.c.RepositoryConfigurationDelegate : Bootstrapping Spring Data JDBC repositories in DEFAULT mode.
2024-03-17T06:38:08.076+02:00  INFO 18816 --- [    Test worker] .RepositoryConfigurationExtensionSupport : Spring Data JDBC - Could not safely identify store assignment for repository candidate interface com.example.demo.repository.FoodRepository; If you want this repository to be a JDBC repository, consider annotating your entities with one of these annotations: org.springframework.data.relational.core.mapping.Table.
2024-03-17T06:38:08.082+02:00  INFO 18816 --- [    Test worker] .RepositoryConfigurationExtensionSupport : Spring Data JDBC - Could not safely identify store assignment for repository candidate interface com.example.demo.repository.UserRepository; If you want this repository to be a JDBC repository, consider annotating your entities with one of these annotations: org.springframework.data.relational.core.mapping.Table.
2024-03-17T06:38:08.084+02:00  INFO 18816 --- [    Test worker] .s.d.r.c.RepositoryConfigurationDelegate : Finished Spring Data repository scanning in 54 ms. Found 0 JDBC repository interfaces.
2024-03-17T06:38:08.106+02:00  INFO 18816 --- [    Test worker] .s.d.r.c.RepositoryConfigurationDelegate : Multiple Spring Data modules found, entering strict repository configuration mode
2024-03-17T06:38:08.108+02:00  INFO 18816 --- [    Test worker] .s.d.r.c.RepositoryConfigurationDelegate : Bootstrapping Spring Data JPA repositories in DEFAULT mode.
2024-03-17T06:38:08.386+02:00  INFO 18816 --- [    Test worker] .s.d.r.c.RepositoryConfigurationDelegate : Finished Spring Data repository scanning in 268 ms. Found 2 JPA repository interfaces.
2024-03-17T06:38:09.570+02:00  INFO 18816 --- [    Test worker] o.hibernate.jpa.internal.util.LogHelper  : HHH000204: Processing PersistenceUnitInfo [name: default]
2024-03-17T06:38:09.688+02:00  INFO 18816 --- [    Test worker] org.hibernate.Version                    : HHH000412: Hibernate ORM core version 6.2.13.Final
2024-03-17T06:38:09.692+02:00  INFO 18816 --- [    Test worker] org.hibernate.cfg.Environment            : HHH000406: Using bytecode reflection optimizer
2024-03-17T06:38:10.425+02:00  INFO 18816 --- [    Test worker] o.s.o.j.p.SpringPersistenceUnitInfo      : No LoadTimeWeaver setup: ignoring JPA class transformer
2024-03-17T06:38:10.568+02:00  INFO 18816 --- [    Test worker] com.zaxxer.hikari.HikariDataSource       : HikariPool-1 - Starting...
2024-03-17T06:38:11.192+02:00  INFO 18816 --- [    Test worker] com.zaxxer.hikari.pool.HikariPool        : HikariPool-1 - Added connection org.postgresql.jdbc.PgConnection@40b31a16
2024-03-17T06:38:11.196+02:00  INFO 18816 --- [    Test worker] com.zaxxer.hikari.HikariDataSource       : HikariPool-1 - Start completed.
2024-03-17T06:38:11.267+02:00  WARN 18816 --- [    Test worker] org.hibernate.orm.deprecation            : HHH90000025: PostgreSQLDialect does not need to be specified explicitly using 'hibernate.dialect' (remove the property setting and it will be selected by default)
2024-03-17T06:38:11.720+02:00  WARN 18816 --- [    Test worker] o.h.b.i.InFlightMetadataCollectorImpl    : HHH000069: Duplicate generator name restaurantIdSeqGenerator
2024-03-17T06:38:13.228+02:00  INFO 18816 --- [    Test worker] o.h.e.t.j.p.i.JtaPlatformInitiator       : HHH000489: No JTA platform available (set 'hibernate.transaction.jta.platform' to enable JTA platform integration)
2024-03-17T06:38:13.429+02:00  INFO 18816 --- [    Test worker] j.LocalContainerEntityManagerFactoryBean : Initialized JPA EntityManagerFactory for persistence unit 'default'
2024-03-17T06:38:14.780+02:00  INFO 18816 --- [    Test worker] o.s.d.j.r.query.QueryEnhancerFactory     : Hibernate is in classpath; If applicable, HQL parser will be used.
2024-03-17T06:38:14.897+02:00  WARN 18816 --- [    Test worker] JpaBaseConfiguration$JpaWebConfiguration : spring.jpa.open-in-view is enabled by default. Therefore, database queries may be performed during view rendering. Explicitly configure spring.jpa.open-in-view to disable this warning
2024-03-17T06:38:15.449+02:00  INFO 18816 --- [    Test worker] o.s.s.web.DefaultSecurityFilterChain     : Will secure any request with [org.springframework.security.web.session.DisableEncodeUrlFilter@6e7d9d0, org.springframework.security.web.context.request.async.WebAsyncManagerIntegrationFilter@2b0d818d, org.springframework.security.web.context.SecurityContextHolderFilter@238d27ef, org.springframework.security.web.header.HeaderWriterFilter@818a514, org.springframework.web.filter.CorsFilter@7212b28e, org.springframework.security.web.authentication.logout.LogoutFilter@48590849, com.example.demo.config.security.JwtRequestFilter@306c8e09, org.springframework.security.web.savedrequest.RequestCacheAwareFilter@3ec6f3f1, org.springframework.security.web.servletapi.SecurityContextHolderAwareRequestFilter@37ad818e, org.springframework.security.web.authentication.AnonymousAuthenticationFilter@87df88d, org.springframework.security.web.session.SessionManagementFilter@1a3611b1, org.springframework.security.web.access.ExceptionTranslationFilter@ab3b54, org.springframework.security.web.access.intercept.AuthorizationFilter@56bf6f1e]
2024-03-17T06:38:16.817+02:00  INFO 18816 --- [    Test worker] c.example.demo.DeliveryApplicationTests  : Started DeliveryApplicationTests in 11.075 seconds (process running for 12.858)
]]></system-out>
  <system-err><![CDATA[]]></system-err>
</testsuite>
